\BOOKMARK [1][]{section.1}{\376\377\000I\000n\000t\000r\000o\000d\000u\000c\000t\000i\000o\000n}{}% 1
\BOOKMARK [1][]{section.2}{\376\377\000R\000e\000l\000a\000t\000e\000d\000\040\000W\000o\000r\000k}{}% 2
\BOOKMARK [1][]{section.3}{\376\377\000M\000i\000n\000o\000m\000a\000l\000y\000\040\000F\000r\000a\000m\000e\000w\000o\000r\000k}{}% 3
\BOOKMARK [2][]{subsection.3.1}{\376\377\000O\000r\000d\000e\000r\000\040\000E\000m\000b\000e\000d\000d\000i\000n\000g}{section.3}% 4
\BOOKMARK [3][]{subsubsection.3.1.1}{\376\377\000S\000u\000b\000g\000r\000a\000p\000h\000\040\000M\000a\000t\000c\000h\000i\000n\000g}{subsection.3.1}% 5
\BOOKMARK [4][]{equation.3.1}{\376\377\000S\000m\000o\000o\000t\000h\000\040\000M\000a\000r\000g\000i\000n\000\040\000L\000o\000s\000s}{subsubsection.3.1.1}% 6
\BOOKMARK [3][]{subsubsection.3.1.2}{\376\377\000F\000r\000e\000q\000u\000e\000n\000c\000y\000\040\000C\000o\000u\000n\000t}{subsection.3.1}% 7
\BOOKMARK [2][]{subsection.3.2}{\376\377\000A\000n\000o\000m\000a\000l\000o\000u\000s\000\040\000S\000t\000r\000u\000c\000t\000u\000r\000e\000s}{section.3}% 8
\BOOKMARK [2][]{subsection.3.3}{\376\377\000C\000o\000m\000p\000l\000e\000x\000i\000t\000y\000\040\000A\000n\000a\000l\000y\000s\000i\000s}{section.3}% 9
\BOOKMARK [3][]{section*.9}{\376\377\000O\000E\000S\000\040\000C\000o\000n\000s\000t\000r\000u\000c\000t\000i\000o\000n}{subsection.3.3}% 10
\BOOKMARK [4][]{equation.3.3}{\376\377\000S\000t\000a\000r\000t\000i\000n\000g\000\040\000N\000o\000d\000e\000\040\000S\000e\000l\000e\000c\000t\000i\000o\000n}{subsection.3.3}% 11
\BOOKMARK [4][]{equation.3.4}{\376\377\000G\000r\000e\000e\000d\000y\000\040\000S\000e\000a\000r\000c\000h\000\040\000\050\000A\000l\000g\000o\000r\000i\000t\000h\000m\000\040\0001\000\051}{subsection.3.3}% 12
\BOOKMARK [4][]{equation.3.5}{\376\377\000O\000v\000e\000r\000a\000l\000l\000\040\000T\000i\000m\000e\000\040\000C\000o\000m\000p\000l\000e\000x\000i\000t\000y}{subsection.3.3}% 13
\BOOKMARK [4][]{equation.3.6}{\376\377\000S\000p\000a\000c\000e\000\040\000C\000o\000m\000p\000l\000e\000x\000i\000t\000y}{subsection.3.3}% 14
\BOOKMARK [4][]{equation.3.7}{\376\377\000C\000o\000m\000p\000a\000r\000i\000s\000o\000n\000\040\000w\000i\000t\000h\000\040\000B\000a\000s\000e\000l\000i\000n\000e\000\040\000M\000e\000t\000h\000o\000d\000s}{subsection.3.3}% 15
\BOOKMARK [1][]{section.4}{\376\377\000E\000x\000p\000e\000r\000i\000m\000e\000n\000t\000s}{}% 16
\BOOKMARK [2][]{subsection.4.1}{\376\377\000E\000x\000p\000e\000r\000i\000m\000e\000n\000t\000a\000l\000\040\000P\000r\000o\000t\000o\000c\000o\000l}{section.4}% 17
\BOOKMARK [3][]{subsubsection.4.1.1}{\376\377\000D\000a\000t\000a\000s\000e\000t\000s}{subsection.4.1}% 18
\BOOKMARK [3][]{subsubsection.4.1.2}{\376\377\000C\000o\000m\000p\000a\000r\000e\000d\000\040\000M\000e\000t\000h\000o\000d\000s}{subsection.4.1}% 19
\BOOKMARK [3][]{subsubsection.4.1.3}{\376\377\000E\000v\000a\000l\000u\000a\000t\000i\000o\000n\000\040\000M\000e\000t\000r\000i\000c\000s}{subsection.4.1}% 20
\BOOKMARK [2][]{subsection.4.2}{\376\377\000R\000e\000s\000u\000l\000t\000s}{section.4}% 21
\BOOKMARK [2][]{subsection.4.3}{\376\377\000P\000e\000r\000f\000o\000r\000m\000a\000n\000c\000e\000\040\000S\000t\000u\000d\000y}{section.4}% 22
\BOOKMARK [3][]{table.caption.16}{\376\377\000I\000m\000p\000a\000c\000t\000\040\000o\000f\000\040\000S\000t\000a\000r\000t\000i\000n\000g\000\040\000N\000o\000d\000e\000s\000\040\000S\000t\000r\000a\000t\000e\000g\000y\000\040\000a\000n\000d\000\040\000R\000G\000\040\000S\000i\000z\000e}{subsection.4.3}% 23
\BOOKMARK [4][]{section*.17}{\376\377\000I\000m\000p\000a\000c\000t\000\040\000o\000f\000\040\000m\000a\000x\000\137\000c\000a\000n\000d\000s\000\040\000P\000a\000r\000a\000m\000e\000t\000e\000r}{table.caption.16}% 24
\BOOKMARK [4][]{section*.17}{\376\377\000E\000x\000t\000r\000a\000c\000t\000e\000d\000\040\000A\000n\000o\000m\000a\000l\000o\000u\000s\000\040\000P\000a\000t\000t\000e\000r\000n\000s}{table.caption.16}% 25
\BOOKMARK [4][]{table.caption.20}{\376\377\000I\000n\000t\000e\000r\000p\000r\000e\000t\000a\000t\000i\000o\000n\000s}{table.caption.16}% 26
\BOOKMARK [4][]{figure.caption.22}{\376\377\000T\000F\000\040\000a\000n\000d\000\040\000m\000a\000x\000\137\000s\000t\000e\000p\000s\000\040\000H\000y\000p\000e\000r\000p\000a\000r\000a\000m\000e\000t\000e\000r\000s\000\040\000S\000t\000u\000d\000y}{table.caption.16}% 27
\BOOKMARK [1][]{section.5}{\376\377\000D\000i\000s\000c\000u\000s\000s\000i\000o\000n}{}% 28
\BOOKMARK [2][]{section*.27}{\376\377\000S\000h\000i\000f\000t\000i\000n\000g\000\040\000f\000r\000o\000m\000\040\000R\000e\000c\000o\000n\000s\000t\000r\000u\000c\000t\000i\000o\000n\000\040\000t\000o\000\040\000F\000r\000e\000q\000u\000e\000n\000c\000y\000-\000B\000a\000s\000e\000d\000\040\000D\000e\000t\000e\000c\000t\000i\000o\000n}{section.5}% 29
\BOOKMARK [3][]{section*.27}{\376\377\000E\000f\000f\000i\000c\000i\000e\000n\000t\000\040\000a\000n\000d\000\040\000S\000c\000a\000l\000a\000b\000l\000e\000\040\000S\000e\000a\000r\000c\000h\000\040\000S\000t\000r\000a\000t\000e\000g\000y}{section.5}% 30
\BOOKMARK [4][]{section*.28}{\376\377\000I\000n\000t\000e\000r\000p\000r\000e\000t\000a\000b\000l\000e\000\040\000P\000a\000r\000a\000m\000e\000t\000e\000r\000\040\000S\000p\000a\000c\000e}{section*.27}% 31
\BOOKMARK [4][]{section*.28}{\376\377\000I\000n\000t\000e\000g\000r\000a\000t\000e\000d\000\040\000D\000e\000t\000e\000c\000t\000i\000o\000n\000\040\000a\000n\000d\000\040\000E\000x\000p\000l\000a\000n\000a\000t\000i\000o\000n}{section*.27}% 32
\BOOKMARK [1][]{section.6}{\376\377\000C\000o\000n\000c\000l\000u\000s\000i\000o\000n}{}% 33
